Array
(
    [user_id] => 10098
    [fname] =>  ncmd
    [lname] => sd c
    [mobile] => 8989898787
    [address] => m cmd
    [city] =>  x dc
    [state] => d cc
    [country] => India
    [pincode] => 135001
    [created_at] => 2025-08-01 12:16:56
)
Array
(
    [user_id] => 10099
    [fname] => sarvkaur
    [lname] => bhatia
    [mobile] => 8989898787
    [address] => dn ns
    [city] => chenai
    [state] => hunsnndus
    [country] => India
    [pincode] => 135001
    [created_at] => 2025-08-01 12:21:33
)
Array
(
    [user_id] => 10100
    [fname] => sarvkaur
    [lname] => bhatia
    [mobile] => 8989898787
    [address] => dn ns
    [city] => chenai
    [state] => hunsnndus
    [country] => India
    [pincode] => 135001
)
Array
(
    [user_id] => 10101
    [fname] =>  basdhbsvhdv
    [lname] => nbjdfjknj
    [mobile] => 8989898787
    [address] => n  cns mc m
    [city] => yhnt
    [state] => haryana
    [country] => India
    [pincode] => 135001
)
Array
(
    [user_id] => 10102
    [fname] =>  basdhbsvhdv
    [lname] => nbjdfjknj
    [mobile] => 8989898787
    [address] => n  cns mc m
    [city] => yhnt
    [state] => haryana
    [country] => India
    [pincode] => 135001
)
Array
(
    [user_id] => 10103
    [fname] => mnvgryg
    [lname] => kjfgeg
    [mobile] => 8989898787
    [address] => kjksdjsgf
    [city] => ejfgekg
    [state] => lkldjhu
    [country] => India
    [pincode] => 123041
)
Array
(
    [user_id] => 10104
    [fname] => kjkhff
    [lname] => lknfjef
    [mobile] => 8989898787
    [address] => dnekjje
    [city] => kjdndkd
    [state] => knkj
    [country] => India
    [pincode] => 135021
)
Array
(
    [user_id] => 10105
    [fname] => manxs
    [lname] => c,m, dsc
    [mobile] => 
    [address] => 567 model town
    [city] => ynr
    [state] => harayana
    [country] => India
    [pincode] => 135001
)
Array
(
    [user_id] => 10106
    [fname] => sxnmcdmc nsn 
    [lname] =>  c
    [mobile] => 
    [address] => cn 
    [city] => nc 
    [state] => m nsc
    [country] => India
    [pincode] => 135001
)
