Array
(
    [fname] =>  ncmd
    [lname] => sd c
    [mobile] => 8989898787
    [email] => kk@gmail.com
    [created_at] => 2025-08-01 12:16:56
    [city] =>  x dc
    [state] => d cc
    [country] => India
    [pincode] => 135001
    [address] => m cmd
)
Array
(
    [fname] => sarvkaur
    [lname] => bhatia
    [mobile] => 8989898787
    [email] => sarvkaur@gmail.com
    [city] => chenai
    [state] => hunsnndus
    [country] => India
    [pincode] => 135001
    [address] => dn ns
)
Array
(
    [fname] => sarvkaur
    [lname] => bhatia
    [mobile] => 8989898787
    [email] => sarvkaur@gmail.com
    [city] => chenai
    [state] => hunsnndus
    [country] => India
    [pincode] => 135001
    [address] => dn ns
)
Array
(
    [fname] =>  basdhbsvhdv
    [lname] => nbjdfjknj
    [mobile] => 8989898787
    [email] => kk@gmail.com
    [city] => yhnt
    [state] => haryana
    [country] => India
    [pincode] => 135001
    [address] => n  cns mc m
)
Array
(
    [fname] =>  basdhbsvhdv
    [lname] => nbjdfjknj
    [mobile] => 8989898787
    [email] => kk@gmail.com
    [city] => yhnt
    [state] => haryana
    [country] => India
    [pincode] => 135001
    [address] => n  cns mc m
)
Array
(
    [fname] => mnvgryg
    [lname] => kjfgeg
    [mobile] => 8989898787
    [email] => kjgfie@gmail.com
    [city] => ejfgekg
    [state] => lkldjhu
    [country] => India
    [pincode] => 123041
    [address] => kjksdjsgf
)
Array
(
    [fname] => kjkhff
    [lname] => lknfjef
    [mobile] => 8989898787
    [email] => vbfvb12@gmail.com
    [city] => kjdndkd
    [state] => knkj
    [country] => India
    [pincode] => 135021
    [address] => dnekjje
)
Array
(
    [fname] => manxs
    [lname] => c,m, dsc
    [mobile] => 
    [email] => sarv12345@gmail.com
    [city] => ynr
    [state] => harayana
    [country] => India
    [pincode] => 135001
    [address] => 567 model town
)
Array
(
    [fname] => sxnmcdmc nsn 
    [lname] =>  c
    [mobile] => 
    [email] => punam@gmail.com
    [city] => nc 
    [state] => m nsc
    [country] => India
    [pincode] => 135001
    [address] => cn 
)
