Array
(
    [0] => Array
        (
            [product_id] => 14
            [name] => A5 – Herbal Supplement
            [price] => 5600
            [quantity] => 1
            [pack_id] => 
            [pack_qty] => 1
            [image] => uploads/979f1f1eefc87a93c457a144830606f8.png
        )

)
Array
(
    [product_14] => Array
        (
            [product_id] => 14
            [name] => A5 – Herbal Supplement
            [price] => 5600
            [quantity] => 3
            [pack_id] => 
            [pack_qty] => 1
            [image] => uploads/979f1f1eefc87a93c457a144830606f8.png
        )

)
Array
(
    [product_14] => Array
        (
            [product_id] => 14
            [name] => A5 – Herbal Supplement
            [price] => 5600
            [quantity] => 4
            [pack_id] => 
            [pack_qty] => 1
            [image] => uploads/979f1f1eefc87a93c457a144830606f8.png
        )

)
Array
(
    [product_14] => Array
        (
            [product_id] => 14
            [name] => A5 – Herbal Supplement
            [price] => 5600
            [quantity] => 5
            [pack_id] => 
            [pack_qty] => 1
            [image] => uploads/979f1f1eefc87a93c457a144830606f8.png
        )

)
Array
(
    [product_14] => Array
        (
            [product_id] => 14
            [name] => A5 – Herbal Supplement
            [price] => 5600
            [quantity] => 2
            [pack_id] => 
            [pack_qty] => 1
            [image] => uploads/979f1f1eefc87a93c457a144830606f8.png
        )

)
Array
(
    [product_14] => Array
        (
            [product_id] => 14
            [name] => A5 – Herbal Supplement
            [price] => 5600
            [quantity] => 5
            [pack_id] => 
            [pack_qty] => 1
            [image] => uploads/979f1f1eefc87a93c457a144830606f8.png
        )

)
Array
(
    [product_14] => Array
        (
            [product_id] => 14
            [name] => A5 – Herbal Supplement
            [price] => 5600
            [quantity] => 5
            [pack_id] => 
            [pack_qty] => 1
            [image] => uploads/979f1f1eefc87a93c457a144830606f8.png
        )

)
Array
(
    [product_14] => Array
        (
            [product_id] => 14
            [name] => A5 – Herbal Supplement
            [price] => 5600
            [quantity] => 5
            [pack_id] => 
            [pack_qty] => 1
            [image] => uploads/979f1f1eefc87a93c457a144830606f8.png
        )

)
Array
(
    [product_14] => Array
        (
            [product_id] => 14
            [name] => A5 – Herbal Supplement
            [price] => 5600
            [quantity] => 5
            [pack_id] => 
            [pack_qty] => 1
            [image] => uploads/979f1f1eefc87a93c457a144830606f8.png
        )

)
Array
(
    [product_14] => Array
        (
            [product_id] => 14
            [name] => A5 – Herbal Supplement
            [price] => 5600
            [quantity] => 5
            [pack_id] => 
            [pack_qty] => 1
            [image] => uploads/979f1f1eefc87a93c457a144830606f8.png
        )

)
Array
(
    [product_14] => Array
        (
            [product_id] => 14
            [name] => A5 – Herbal Supplement
            [price] => 5600
            [quantity] => 5
            [pack_id] => 
            [pack_qty] => 1
            [image] => uploads/979f1f1eefc87a93c457a144830606f8.png
        )

)
Array
(
    [product_14] => Array
        (
            [product_id] => 14
            [name] => A5 – Herbal Supplement
            [price] => 5600
            [quantity] => 5
            [pack_id] => 
            [pack_qty] => 1
            [image] => uploads/979f1f1eefc87a93c457a144830606f8.png
        )

)
Array
(
    [product_14] => Array
        (
            [product_id] => 14
            [name] => A5 – Herbal Supplement
            [price] => 5600
            [quantity] => 5
            [pack_id] => 
            [pack_qty] => 1
            [image] => uploads/979f1f1eefc87a93c457a144830606f8.png
        )

)
Array
(
    [product_14] => Array
        (
            [product_id] => 14
            [name] => A5 – Herbal Supplement
            [price] => 5600
            [quantity] => 5
            [pack_id] => 
            [pack_qty] => 1
            [image] => uploads/979f1f1eefc87a93c457a144830606f8.png
        )

)
Array
(
    [product_14] => Array
        (
            [product_id] => 14
            [name] => A5 – Herbal Supplement
            [price] => 5600
            [quantity] => 5
            [pack_id] => 
            [pack_qty] => 1
            [image] => uploads/979f1f1eefc87a93c457a144830606f8.png
        )

)
Array
(
    [product_14] => Array
        (
            [product_id] => 14
            [name] => A5 – Herbal Supplement
            [price] => 5600
            [quantity] => 5
            [pack_id] => 
            [pack_qty] => 1
            [image] => uploads/979f1f1eefc87a93c457a144830606f8.png
        )

)
Array
(
    [product_14] => Array
        (
            [product_id] => 14
            [name] => A5 – Herbal Supplement
            [price] => 5600
            [quantity] => 5
            [pack_id] => 
            [pack_qty] => 1
            [image] => uploads/979f1f1eefc87a93c457a144830606f8.png
        )

)
Array
(
    [product_14] => Array
        (
            [product_id] => 14
            [name] => A5 – Herbal Supplement
            [price] => 5600
            [quantity] => 5
            [pack_id] => 
            [pack_qty] => 1
            [image] => uploads/979f1f1eefc87a93c457a144830606f8.png
        )

)
Array
(
    [product_14] => Array
        (
            [product_id] => 14
            [name] => A5 – Herbal Supplement
            [price] => 5600
            [quantity] => 2
            [pack_id] => 
            [pack_qty] => 1
            [image] => uploads/979f1f1eefc87a93c457a144830606f8.png
        )

)
Array
(
    [product_14] => Array
        (
            [product_id] => 14
            [name] => A5 – Herbal Supplement
            [price] => 5600
            [quantity] => 5
            [pack_id] => 
            [pack_qty] => 1
            [image] => uploads/979f1f1eefc87a93c457a144830606f8.png
        )

)
Array
(
    [product_14] => Array
        (
            [product_id] => 14
            [name] => A5 – Herbal Supplement
            [price] => 5600
            [quantity] => 5
            [pack_id] => 
            [pack_qty] => 1
            [image] => uploads/979f1f1eefc87a93c457a144830606f8.png
        )

)
Array
(
    [product_14] => Array
        (
            [product_id] => 14
            [name] => A5 – Herbal Supplement
            [price] => 5600
            [quantity] => 5
            [pack_id] => 
            [pack_qty] => 1
            [image] => uploads/979f1f1eefc87a93c457a144830606f8.png
        )

)
Array
(
    [product_14] => Array
        (
            [product_id] => 14
            [name] => A5 – Herbal Supplement
            [price] => 5600
            [quantity] => 5
            [pack_id] => 
            [pack_qty] => 1
            [image] => uploads/979f1f1eefc87a93c457a144830606f8.png
        )

)
Array
(
    [product_14] => Array
        (
            [product_id] => 14
            [name] => A5 – Herbal Supplement
            [price] => 5600
            [quantity] => 5
            [pack_id] => 
            [pack_qty] => 1
            [image] => uploads/979f1f1eefc87a93c457a144830606f8.png
        )

)
Array
(
    [product_14] => Array
        (
            [product_id] => 14
            [name] => A5 – Herbal Supplement
            [price] => 5600
            [quantity] => 5
            [pack_id] => 
            [pack_qty] => 1
            [image] => uploads/979f1f1eefc87a93c457a144830606f8.png
        )

)
Array
(
    [product_14] => Array
        (
            [product_id] => 14
            [name] => A5 – Herbal Supplement
            [price] => 5600
            [quantity] => 5
            [pack_id] => 
            [pack_qty] => 1
            [image] => uploads/979f1f1eefc87a93c457a144830606f8.png
        )

)
Array
(
    [product_14] => Array
        (
            [product_id] => 14
            [name] => A5 – Herbal Supplement
            [price] => 5600
            [quantity] => 2
            [pack_id] => 
            [pack_qty] => 1
            [image] => uploads/979f1f1eefc87a93c457a144830606f8.png
        )

)
Array
(
    [product_14] => Array
        (
            [product_id] => 14
            [name] => A5 – Herbal Supplement
            [price] => 5600
            [quantity] => 2
            [pack_id] => 
            [pack_qty] => 1
            [image] => uploads/979f1f1eefc87a93c457a144830606f8.png
        )

)
Array
(
    [product_14] => Array
        (
            [product_id] => 14
            [name] => A5 – Herbal Supplement
            [price] => 5600
            [quantity] => 2
            [pack_id] => 
            [pack_qty] => 1
            [image] => uploads/979f1f1eefc87a93c457a144830606f8.png
        )

)
Array
(
    [product_14] => Array
        (
            [product_id] => 14
            [name] => A5 – Herbal Supplement
            [price] => 5600
            [quantity] => 2
            [pack_id] => 
            [pack_qty] => 1
            [image] => uploads/979f1f1eefc87a93c457a144830606f8.png
        )

)
Array
(
    [product_14] => Array
        (
            [product_id] => 14
            [name] => A5 – Herbal Supplement
            [price] => 5600
            [quantity] => 2
            [pack_id] => 
            [pack_qty] => 1
            [image] => uploads/979f1f1eefc87a93c457a144830606f8.png
        )

)
Array
(
    [product_14] => Array
        (
            [product_id] => 14
            [name] => A5 – Herbal Supplement
            [price] => 5600
            [quantity] => 2
            [pack_id] => 
            [pack_qty] => 1
            [image] => uploads/979f1f1eefc87a93c457a144830606f8.png
        )

)
Array
(
    [product_14] => Array
        (
            [product_id] => 14
            [name] => A5 – Herbal Supplement
            [price] => 5600
            [quantity] => 2
            [pack_id] => 
            [pack_qty] => 1
            [image] => uploads/979f1f1eefc87a93c457a144830606f8.png
        )

)
Array
(
    [product_14] => Array
        (
            [product_id] => 14
            [name] => A5 – Herbal Supplement
            [price] => 5600
            [quantity] => 2
            [pack_id] => 
            [pack_qty] => 1
            [image] => uploads/979f1f1eefc87a93c457a144830606f8.png
        )

)
Array
(
    [product_14] => Array
        (
            [product_id] => 14
            [name] => A5 – Herbal Supplement
            [price] => 5600
            [quantity] => 2
            [pack_id] => 
            [pack_qty] => 1
            [image] => uploads/979f1f1eefc87a93c457a144830606f8.png
        )

)
Array
(
    [product_14] => Array
        (
            [product_id] => 14
            [name] => A5 – Herbal Supplement
            [price] => 5600
            [quantity] => 2
            [pack_id] => 
            [pack_qty] => 1
            [image] => uploads/979f1f1eefc87a93c457a144830606f8.png
        )

)
Array
(
    [0] => Array
        (
            [product_id] => 14
            [name] => A5 – Herbal Supplement
            [price] => 5600
            [quantity] => 1
            [image] => uploads/979f1f1eefc87a93c457a144830606f8.png
            [timestamp] => 1754050796061
        )

)
Array
(
    [0] => Array
        (
            [product_id] => 14
            [name] => A5 – Herbal Supplement
            [price] => 5600
            [quantity] => 1
            [image] => uploads/979f1f1eefc87a93c457a144830606f8.png
            [timestamp] => 1754051251753
        )

)
Array
(
    [0] => Array
        (
            [product_id] => 14
            [name] => A5 – Herbal Supplement
            [price] => 5600
            [quantity] => 1
            [image] => uploads/979f1f1eefc87a93c457a144830606f8.png
            [timestamp] => 1754051251753
        )

)
Array
(
    [0] => Array
        (
            [product_id] => 14
            [name] => A5 – Herbal Supplement
            [price] => 5600
            [quantity] => 1
            [image] => uploads/979f1f1eefc87a93c457a144830606f8.png
            [timestamp] => 1754051932905
        )

)
Array
(
    [0] => Array
        (
            [product_id] => 14
            [name] => A5 – Herbal Supplement
            [price] => 5600
            [quantity] => 1
            [image] => uploads/979f1f1eefc87a93c457a144830606f8.png
            [timestamp] => 1754052102717
        )

)
Array
(
    [0] => Array
        (
            [product_id] => 14
            [name] => A5 – Herbal Supplement
            [price] => 5600
            [quantity] => 1
            [image] => uploads/979f1f1eefc87a93c457a144830606f8.png
            [timestamp] => 1754114605827
        )

)
Array
(
    [0] => Array
        (
            [product_id] => 14
            [name] => A5 – Herbal Supplement
            [price] => 5600
            [quantity] => 1
            [image] => uploads/979f1f1eefc87a93c457a144830606f8.png
            [timestamp] => 1754246670672
        )

)
