Array
(
    [id] => 5
    [order_id] => ORDER_1754038291
    [fname] => mohit
    [lname] => verma
    [email] => mohitnirania890@gmail.com
    [phone] => 8005825615
    [address] => sriganganger rajasthan
    [city] => 12z
    [state] => Rajasthan
    [pincode] => 335001
    [country] => India
    [payment_method] => Prepaid
    [product_data] => {"product_14":{"product_id":"14","name":"A5 \u2013 Herbal Supplement","price":5600,"quantity":5,"pac
    [subtotal] => 28000
    [created_at] => 2025-08-01 08:52:04
)
Array
(
    [id] => 6
    [order_id] => ORDER_1754038555
    [fname] => mohit
    [lname] => verma
    [email] => mohitnirania890@gmail.com
    [phone] => 8005825615
    [address] => sriganganger rajasthan
    [city] => 12z
    [state] => Rajasthan
    [pincode] => 335001
    [country] => India
    [payment_method] => Prepaid
    [product_data] => {"product_14":{"product_id":"14","name":"A5 \u2013 Herbal Supplement","price":5600,"quantity":5,"pack_id":null,"pack_qty":1,"image":"uploads\/979f1f1eefc87a93c457a144830606f8.png"}}
    [subtotal] => 28000
    [created_at] => 2025-08-01 08:56:07
)
Array
(
    [id] => 7
    [order_id] => ORDER_1754040145
    [fname] => mohit
    [lname] => verma
    [email] => mohitnirania890@gmail.com
    [phone] => 8005825615
    [address] => sriganganger rajasthan
    [city] => 12z
    [state] => Rajasthan
    [pincode] => 335001
    [country] => India
    [payment_method] => Prepaid
    [product_data] => {"product_14":{"product_id":"14","name":"A5 \u2013 Herbal Supplement","price":5600,"quantity":5,"pack_id":null,"pack_qty":1,"image":"uploads\/979f1f1eefc87a93c457a144830606f8.png"}}
    [subtotal] => 28000
    [created_at] => 2025-08-01 09:22:38
)
Array
(
    [id] => 8
    [order_id] => ORDER_1754040293
    [fname] => mohit
    [lname] => verma
    [email] => mohitnirania890@gmail.com
    [phone] => 8005825615
    [address] => sriganganger rajasthan
    [city] => 12z
    [state] => Rajasthan
    [pincode] => 335001
    [country] => India
    [payment_method] => Prepaid
    [product_data] => {"product_14":{"product_id":"14","name":"A5 \u2013 Herbal Supplement","price":5600,"quantity":5,"pack_id":null,"pack_qty":1,"image":"uploads\/979f1f1eefc87a93c457a144830606f8.png"}}
    [subtotal] => 28000
    [created_at] => 2025-08-01 09:25:06
)
Array
(
    [id] => 9
    [order_id] => ORDER_1754040553
    [fname] => mohit
    [lname] => verma
    [email] => mohitnirania890@gmail.com
    [phone] => 8005825615
    [address] => sriganganger rajasthan
    [city] => 12z
    [state] => Rajasthan
    [pincode] => 335001
    [country] => India
    [payment_method] => Prepaid
    [product_data] => {"product_14":{"product_id":"14","name":"A5 \u2013 Herbal Supplement","price":5600,"quantity":5,"pack_id":null,"pack_qty":1,"image":"uploads\/979f1f1eefc87a93c457a144830606f8.png"}}
    [subtotal] => 28000
    [created_at] => 2025-08-01 09:29:27
)
Array
(
    [id] => 10
    [order_id] => ORDER_1754047020
    [fname] => 
    [lname] => 
    [email] => mohitnirania890@gmail.com
    [phone] => 8005825615
    [address] => 
    [city] => 
    [state] => 
    [pincode] => 0
    [country] => India
    [payment_method] => Prepaid
    [product_data] => {"product_14":{"product_id":"14","name":"A5 \u2013 Herbal Supplement","price":5600,"quantity":2,"pack_id":null,"pack_qty":1,"image":"uploads\/979f1f1eefc87a93c457a144830606f8.png"}}
    [subtotal] => 11200
    [created_at] => 2025-08-01 11:17:17
)
Array
(
    [id] => 10
    [order_id] => ORDER_1754047020
    [fname] => 
    [lname] => 
    [email] => mohitnirania890@gmail.com
    [phone] => 8005825615
    [address] => 
    [city] => 
    [state] => 
    [pincode] => 0
    [country] => India
    [payment_method] => Prepaid
    [product_data] => {"product_14":{"product_id":"14","name":"A5 \u2013 Herbal Supplement","price":5600,"quantity":2,"pack_id":null,"pack_qty":1,"image":"uploads\/979f1f1eefc87a93c457a144830606f8.png"}}
    [subtotal] => 11200
    [created_at] => 2025-08-01 11:17:17
)
Array
(
    [id] => 11
    [order_id] => ORDER_1754047416
    [fname] => mohit
    [lname] => verma
    [email] => mohitnirania890@gmail.com
    [phone] => 8005825615
    [address] => sriganganger rajasthan
    [city] => 12z
    [state] => Rajasthan
    [pincode] => 335001
    [country] => India
    [payment_method] => Prepaid
    [product_data] => {"product_14":{"product_id":"14","name":"A5 \u2013 Herbal Supplement","price":5600,"quantity":2,"pack_id":null,"pack_qty":1,"image":"uploads\/979f1f1eefc87a93c457a144830606f8.png"}}
    [subtotal] => 11200
    [created_at] => 2025-08-01 11:23:52
)
Array
(
    [id] => 12
    [order_id] => ORDER_1754051300
    [fname] =>  basdhbsvhdv
    [lname] => nbjdfjknj
    [email] => kk@gmail.com
    [phone] => 8989898787
    [address] => n  cns mc m
    [city] => yhnt
    [state] => haryana
    [pincode] => 135001
    [country] => India
    [payment_method] => Prepaid
    [product_data] => [{"product_id":"14","name":"A5 \u2013 Herbal Supplement","price":5600,"quantity":1,"image":"uploads\/979f1f1eefc87a93c457a144830606f8.png","timestamp":1754051251753}]
    [subtotal] => 5600
    [created_at] => 2025-08-01 12:32:25
)
Array
(
    [id] => 13
    [order_id] => ORDER_1754051963
    [fname] => mnvgryg
    [lname] => kjfgeg
    [email] => kjgfie@gmail.com
    [phone] => 8989898787
    [address] => kjksdjsgf
    [city] => ejfgekg
    [state] => lkldjhu
    [pincode] => 123041
    [country] => India
    [payment_method] => Prepaid
    [product_data] => [{"product_id":"14","name":"A5 \u2013 Herbal Supplement","price":5600,"quantity":1,"image":"uploads\/979f1f1eefc87a93c457a144830606f8.png","timestamp":1754051932905}]
    [subtotal] => 5600
    [created_at] => 2025-08-01 12:39:45
)
Array
(
    [id] => 14
    [order_id] => ORDER_1754052143
    [fname] => kjkhff
    [lname] => lknfjef
    [email] => vbfvb12@gmail.com
    [phone] => 8989898787
    [address] => dnekjje
    [city] => kjdndkd
    [state] => knkj
    [pincode] => 135021
    [country] => India
    [payment_method] => Prepaid
    [product_data] => [{"product_id":"14","name":"A5 \u2013 Herbal Supplement","price":5600,"quantity":1,"image":"uploads\/979f1f1eefc87a93c457a144830606f8.png","timestamp":1754052102717}]
    [subtotal] => 5600
    [created_at] => 2025-08-01 12:42:47
)
Array
(
    [id] => 14
    [order_id] => ORDER_1754052143
    [fname] => kjkhff
    [lname] => lknfjef
    [email] => vbfvb12@gmail.com
    [phone] => 8989898787
    [address] => dnekjje
    [city] => kjdndkd
    [state] => knkj
    [pincode] => 135021
    [country] => India
    [payment_method] => Prepaid
    [product_data] => [{"product_id":"14","name":"A5 \u2013 Herbal Supplement","price":5600,"quantity":1,"image":"uploads\/979f1f1eefc87a93c457a144830606f8.png","timestamp":1754052102717}]
    [subtotal] => 5600
    [created_at] => 2025-08-01 12:42:47
)
Array
(
    [id] => 14
    [order_id] => ORDER_1754052143
    [fname] => kjkhff
    [lname] => lknfjef
    [email] => vbfvb12@gmail.com
    [phone] => 8989898787
    [address] => dnekjje
    [city] => kjdndkd
    [state] => knkj
    [pincode] => 135021
    [country] => India
    [payment_method] => Prepaid
    [product_data] => [{"product_id":"14","name":"A5 \u2013 Herbal Supplement","price":5600,"quantity":1,"image":"uploads\/979f1f1eefc87a93c457a144830606f8.png","timestamp":1754052102717}]
    [subtotal] => 5600
    [created_at] => 2025-08-01 12:42:47
)
Array
(
    [id] => 15
    [order_id] => ORDER_1754114658
    [fname] => manxs
    [lname] => c,m, dsc
    [email] => sarv12345@gmail.com
    [phone] => 
    [address] => 567 model town
    [city] => ynr
    [state] => harayana
    [pincode] => 135001
    [country] => India
    [payment_method] => Prepaid
    [product_data] => [{"product_id":"14","name":"A5 \u2013 Herbal Supplement","price":5600,"quantity":1,"image":"uploads\/979f1f1eefc87a93c457a144830606f8.png","timestamp":1754114605827}]
    [subtotal] => 5600
    [created_at] => 2025-08-02 06:05:01
)
Array
(
    [id] => 16
    [order_id] => ORDER_1754246720
    [fname] => sxnmcdmc nsn 
    [lname] =>  c
    [email] => punam@gmail.com
    [phone] => 
    [address] => cn 
    [city] => nc 
    [state] => m nsc
    [pincode] => 135001
    [country] => India
    [payment_method] => Prepaid
    [product_data] => [{"product_id":"14","name":"A5 \u2013 Herbal Supplement","price":5600,"quantity":1,"image":"uploads\/979f1f1eefc87a93c457a144830606f8.png","timestamp":1754246670672}]
    [subtotal] => 5600
    [created_at] => 2025-08-03 18:45:58
)
