Array
(
    [user_id] => 10042
    [payment_id] => 1181
    [order_id] => ORDER_1754030507
    [phonepe_order_id] => OMO2508011211478150305591
    [status] => COMPLETED
    [amount] => 100
    [payable_amount] => 100
    [fee_amount] => 0
    [created_at] => 2025-08-01 06:42:33
    [date] => 2025-08-01
    [transaction_id] => OM2508011211499142199638
    [payment_mode] => UPI_QR
    [ifsc_code] => HDFC0001326
    [account_type] => SAVINGS
    [rail_type] => UPI
    [utr_number] => 521393804217
    [upi_transection_id] => ICI5e6c20043a2b48b4874df3695ec21167
)
Array
(
    [user_id] => 10042
    [payment_id] => 1182
    [order_id] => ORDER_1754031816
    [phonepe_order_id] => OMO2508011233369770020893
    [status] => COMPLETED
    [amount] => 100
    [payable_amount] => 100
    [fee_amount] => 0
    [created_at] => 2025-08-01 07:03:59
    [date] => 2025-08-01
    [transaction_id] => OM2508011233390302199309
    [payment_mode] => UPI_QR
    [ifsc_code] => HDFC0001326
    [account_type] => SAVINGS
    [rail_type] => UPI
    [utr_number] => 557903893440
    [upi_transection_id] => ICIf0c4e8cc850a4820abec55586ab3ef35
)
Array
(
    [user_id] => 10042
    [payment_id] => 1183
    [order_id] => ORDER_1754031103
    [phonepe_order_id] => OMO2508011221434998283866
    [status] => FAILED
    [amount] => 100
    [payable_amount] => 0
    [fee_amount] => 0
    [created_at] => 2025-08-01 07:06:47
    [date] => 2025-08-01
    [transaction_id] => OM2508011221456254617597
    [payment_mode] => UPI_QR
    [ifsc_code] => 
    [account_type] => 
    [rail_type] => 
    [utr_number] => 
    [upi_transection_id] => 
)
Array
(
    [user_id] => 10042
    [payment_id] => 1184
    [order_id] => ORDER_1754033071
    [phonepe_order_id] => OMO2508011254315688179781
    [status] => COMPLETED
    [amount] => 100
    [payable_amount] => 100
    [fee_amount] => 0
    [created_at] => 2025-08-01 07:24:53
    [date] => 2025-08-01
    [transaction_id] => OM2508011254335208179668
    [payment_mode] => UPI_QR
    [ifsc_code] => HDFC0001326
    [account_type] => SAVINGS
    [rail_type] => UPI
    [utr_number] => 521315902751
    [upi_transection_id] => ICIb56320473c2f4c5dbd2abfb9a235aab7
)
Array
(
    [user_id] => 10042
    [payment_id] => 1185
    [order_id] => ORDER_1754033895
    [phonepe_order_id] => OMO2508011308158548431808
    [status] => COMPLETED
    [amount] => 100
    [payable_amount] => 100
    [fee_amount] => 0
    [created_at] => 2025-08-01 07:38:33
    [date] => 2025-08-01
    [transaction_id] => OM2508011308178754884632
    [payment_mode] => UPI_QR
    [ifsc_code] => HDFC0001326
    [account_type] => SAVINGS
    [rail_type] => UPI
    [utr_number] => 557972796340
    [upi_transection_id] => ICIcd33a597e4b5449dbd8adac1d1fa7ba2
)
Array
(
    [user_id] => 10042
    [payment_id] => 1186
    [order_id] => ORDER_1754034047
    [phonepe_order_id] => OMO2508011310477007434537
    [status] => COMPLETED
    [amount] => 100
    [payable_amount] => 100
    [fee_amount] => 0
    [created_at] => 2025-08-01 07:41:20
    [date] => 2025-08-01
    [transaction_id] => OM2508011310497074617659
    [payment_mode] => UPI_QR
    [ifsc_code] => PSIB0000047
    [account_type] => SAVINGS
    [rail_type] => UPI
    [utr_number] => 557944709618
    [upi_transection_id] => AXI66b35820fcdd40bf8dfcfc266dc9e497
)
Array
(
    [user_id] => 10042
    [payment_id] => 1187
    [order_id] => ORDER_1754034201
    [phonepe_order_id] => OMO2508011313219922199553
    [status] => COMPLETED
    [amount] => 100
    [payable_amount] => 100
    [fee_amount] => 0
    [created_at] => 2025-08-01 07:43:33
    [date] => 2025-08-01
    [transaction_id] => OM2508011313238243889352
    [payment_mode] => UPI_QR
    [ifsc_code] => HDFC0001326
    [account_type] => SAVINGS
    [rail_type] => UPI
    [utr_number] => 557931197774
    [upi_transection_id] => ICI0f91e480dd264d1f85cb54ee981d79dc
)
Array
(
    [user_id] => 10042
    [payment_id] => 1188
    [order_id] => ORDER_1754037058
    [phonepe_order_id] => OMO2508011400582414617116
    [status] => COMPLETED
    [amount] => 100
    [payable_amount] => 100
    [fee_amount] => 0
    [created_at] => 2025-08-01 08:31:09
    [date] => 2025-08-01
    [transaction_id] => OM2508011400599978310483
    [payment_mode] => UPI_QR
    [ifsc_code] => HDFC0001326
    [account_type] => SAVINGS
    [rail_type] => UPI
    [utr_number] => 521350016113
    [upi_transection_id] => ICIc3674bc3f86e46ae8f3b375e58410bbb
)
Array
(
    [user_id] => 10042
    [payment_id] => 1189
    [order_id] => ORDER_1754037835
    [phonepe_order_id] => OMO2508011413561134884581
    [status] => COMPLETED
    [amount] => 100
    [payable_amount] => 100
    [fee_amount] => 0
    [created_at] => 2025-08-01 08:45:39
    [date] => 2025-08-01
    [transaction_id] => OM2508011413580612199140
    [payment_mode] => UPI_QR
    [ifsc_code] => PSIB0000047
    [account_type] => SAVINGS
    [rail_type] => UPI
    [utr_number] => 557953421738
    [upi_transection_id] => AXI7ac66d3d8ea5459786c76983d262c615
)
Array
(
    [user_id] => 10042
    [payment_id] => 1190
    [order_id] => ORDER_1754037937
    [phonepe_order_id] => OMO2508011415377171793431
    [status] => COMPLETED
    [amount] => 100
    [payable_amount] => 100
    [fee_amount] => 0
    [created_at] => 2025-08-01 08:45:46
    [date] => 2025-08-01
    [transaction_id] => OM2508011415394904884786
    [payment_mode] => UPI_QR
    [ifsc_code] => HDFC0001326
    [account_type] => SAVINGS
    [rail_type] => UPI
    [utr_number] => 557909499344
    [upi_transection_id] => ICI7a6a5cd4acda40ea9ff7f47b822b4f89
)
Array
(
    [user_id] => 10042
    [payment_id] => 1191
    [order_id] => ORDER_1754038231
    [phonepe_order_id] => OMO2508011420314473954927
    [status] => COMPLETED
    [amount] => 100
    [payable_amount] => 100
    [fee_amount] => 0
    [created_at] => 2025-08-01 08:50:41
    [date] => 2025-08-01
    [transaction_id] => OM2508011420331280020179
    [payment_mode] => UPI_QR
    [ifsc_code] => HDFC0001326
    [account_type] => SAVINGS
    [rail_type] => UPI
    [utr_number] => 521353217221
    [upi_transection_id] => ICIf6b5d9566d4d42c490a12de9ffe42b65
)
Array
(
    [user_id] => 10042
    [payment_id] => 1192
    [order_id] => ORDER_1754038291
    [phonepe_order_id] => OMO2508011421319510020660
    [status] => COMPLETED
    [amount] => 100
    [payable_amount] => 100
    [fee_amount] => 0
    [created_at] => 2025-08-01 08:51:59
    [date] => 2025-08-01
    [transaction_id] => OM2508011421339552494633
    [payment_mode] => UPI_QR
    [ifsc_code] => HDFC0001326
    [account_type] => SAVINGS
    [rail_type] => UPI
    [utr_number] => 521395032133
    [upi_transection_id] => ICIe365b562058d4b2aad66c2671eabbf93
)
Array
(
    [user_id] => 10042
    [payment_id] => 1193
    [order_id] => ORDER_1754038555
    [phonepe_order_id] => OMO2508011425554128431089
    [status] => COMPLETED
    [amount] => 100
    [payable_amount] => 100
    [fee_amount] => 0
    [created_at] => 2025-08-01 08:56:04
    [date] => 2025-08-01
    [transaction_id] => OM2508011425570845410182
    [payment_mode] => UPI_QR
    [ifsc_code] => HDFC0001326
    [account_type] => SAVINGS
    [rail_type] => UPI
    [utr_number] => 521395032492
    [upi_transection_id] => ICI4c21b6afb8f94d64b9c6b9798045e8fc
)
Array
(
    [user_id] => 10042
    [payment_id] => 1194
    [order_id] => ORDER_1754040145
    [phonepe_order_id] => OMO2508011452257329042780
    [status] => COMPLETED
    [amount] => 100
    [payable_amount] => 100
    [fee_amount] => 0
    [created_at] => 2025-08-01 09:22:35
    [date] => 2025-08-01
    [transaction_id] => OM2508011452279463954201
    [payment_mode] => UPI_QR
    [ifsc_code] => HDFC0001326
    [account_type] => SAVINGS
    [rail_type] => UPI
    [utr_number] => 521351317040
    [upi_transection_id] => ICI2e0be7240cf94c92a734db05be6b7d06
)
Array
(
    [user_id] => 10042
    [payment_id] => 1195
    [order_id] => ORDER_1754040293
    [phonepe_order_id] => OMO2508011454540448283760
    [status] => COMPLETED
    [amount] => 100
    [payable_amount] => 100
    [fee_amount] => 0
    [created_at] => 2025-08-01 09:25:03
    [date] => 2025-08-01
    [transaction_id] => OM2508011454557425218998
    [payment_mode] => UPI_QR
    [ifsc_code] => HDFC0001326
    [account_type] => SAVINGS
    [rail_type] => UPI
    [utr_number] => 521387503955
    [upi_transection_id] => ICIea478c765ebb4c439609aa0dd6ed1ce1
)
Array
(
    [user_id] => 10042
    [payment_id] => 1196
    [order_id] => ORDER_1754040553
    [phonepe_order_id] => OMO2508011459138295291943
    [status] => COMPLETED
    [amount] => 100
    [payable_amount] => 100
    [fee_amount] => 0
    [created_at] => 2025-08-01 09:29:23
    [date] => 2025-08-01
    [transaction_id] => OM2508011459155545410440
    [payment_mode] => UPI_QR
    [ifsc_code] => HDFC0001326
    [account_type] => SAVINGS
    [rail_type] => UPI
    [utr_number] => 521368508144
    [upi_transection_id] => ICI48258b26351e4a7b940ad4a901b8dd74
)
Array
(
    [user_id] => 10042
    [payment_id] => 1197
    [order_id] => ORDER_1754040705
    [phonepe_order_id] => OMO2508011501455031208085
    [status] => COMPLETED
    [amount] => 100
    [payable_amount] => 100
    [fee_amount] => 0
    [created_at] => 2025-08-01 09:32:22
    [date] => 2025-08-01
    [transaction_id] => OM2508011501473644884119
    [payment_mode] => UPI_QR
    [ifsc_code] => PSIB0000047
    [account_type] => SAVINGS
    [rail_type] => UPI
    [utr_number] => 109048153228
    [upi_transection_id] => HDFcc2957dceb1e4da0a100e8b54529e81a
)
Array
(
    [user_id] => 10042
    [payment_id] => 1198
    [order_id] => ORDER_1754042435
    [phonepe_order_id] => OMO2508011530352271208141
    [status] => FAILED
    [amount] => 100
    [payable_amount] => 0
    [fee_amount] => 0
    [created_at] => 2025-08-01 10:15:36
    [date] => 2025-08-01
    [transaction_id] => OM2508011530370767434091
    [payment_mode] => UPI_QR
    [ifsc_code] => 
    [account_type] => 
    [rail_type] => 
    [utr_number] => 
    [upi_transection_id] => 
)
Array
(
    [user_id] => 10042
    [payment_id] => 1199
    [order_id] => ORDER_1754042585
    [phonepe_order_id] => OMO2508011533057280020728
    [status] => FAILED
    [amount] => 100
    [payable_amount] => 0
    [fee_amount] => 0
    [created_at] => 2025-08-01 10:18:06
    [date] => 2025-08-01
    [transaction_id] => OM2508011533076070020514
    [payment_mode] => UPI_QR
    [ifsc_code] => 
    [account_type] => 
    [rail_type] => 
    [utr_number] => 
    [upi_transection_id] => 
)
Array
(
    [user_id] => 10042
    [payment_id] => 1200
    [order_id] => ORDER_1754044467
    [phonepe_order_id] => OMO2508011604274498283968
    [status] => COMPLETED
    [amount] => 100
    [payable_amount] => 100
    [fee_amount] => 0
    [created_at] => 2025-08-01 10:35:37
    [date] => 2025-08-01
    [transaction_id] => OM2508011604293518179814
    [payment_mode] => UPI_QR
    [ifsc_code] => PSIB0000047
    [account_type] => SAVINGS
    [rail_type] => UPI
    [utr_number] => 109051562221
    [upi_transection_id] => HDF84c73c74300343a3a6d7ebe65067db9b
)
Array
(
    [user_id] => 1023
    [payment_id] => 1201
    [order_id] => 
    [phonepe_order_id] => 
    [status] => 
    [amount] => 0
    [payable_amount] => 0
    [fee_amount] => 0
    [created_at] => 2025-08-01 11:06:15
    [date] => 2025-08-01
    [transaction_id] => 
    [payment_mode] => 
    [ifsc_code] => 
    [account_type] => 
    [rail_type] => 
    [utr_number] => 
    [upi_transection_id] => 
)
Array
(
    [user_id] => 1023
    [payment_id] => 1202
    [order_id] => ORDER_1754046900
    [phonepe_order_id] => OMO2508011645008898431873
    [status] => COMPLETED
    [amount] => 100
    [payable_amount] => 100
    [fee_amount] => 0
    [created_at] => 2025-08-01 11:15:32
    [date] => 2025-08-01
    [transaction_id] => OM2508011645027985410597
    [payment_mode] => UPI_QR
    [ifsc_code] => PSIB0000047
    [account_type] => SAVINGS
    [rail_type] => UPI
    [utr_number] => 109053778653
    [upi_transection_id] => HDF77eaa0d47b124878938da3ccd3170d78
)
Array
(
    [user_id] => 1023
    [payment_id] => 1203
    [order_id] => ORDER_1754046606
    [phonepe_order_id] => OMO2508011640063950305553
    [status] => FAILED
    [amount] => 100
    [payable_amount] => 0
    [fee_amount] => 0
    [created_at] => 2025-08-01 11:16:38
    [date] => 2025-08-01
    [transaction_id] => OM2508011640082101296854
    [payment_mode] => UPI_QR
    [ifsc_code] => 
    [account_type] => 
    [rail_type] => 
    [utr_number] => 
    [upi_transection_id] => 
)
Array
(
    [user_id] => 1023
    [payment_id] => 1204
    [order_id] => ORDER_1754047020
    [phonepe_order_id] => OMO2508011647005832199511
    [status] => COMPLETED
    [amount] => 100
    [payable_amount] => 100
    [fee_amount] => 0
    [created_at] => 2025-08-01 11:17:13
    [date] => 2025-08-01
    [transaction_id] => OM2508011647027005291779
    [payment_mode] => UPI_QR
    [ifsc_code] => SBIN0017830
    [account_type] => SAVINGS
    [rail_type] => UPI
    [utr_number] => 521325228710
    [upi_transection_id] => ICId3dbaed94e8148aa9248d30782174298
)
Array
(
    [user_id] => 1023
    [payment_id] => 1205
    [order_id] => ORDER_1754047416
    [phonepe_order_id] => OMO2508011653367082199499
    [status] => COMPLETED
    [amount] => 100
    [payable_amount] => 100
    [fee_amount] => 0
    [created_at] => 2025-08-01 11:23:50
    [date] => 2025-08-01
    [transaction_id] => OM2508011653398648431327
    [payment_mode] => UPI_QR
    [ifsc_code] => SBIN0017830
    [account_type] => SAVINGS
    [rail_type] => UPI
    [utr_number] => 521384515397
    [upi_transection_id] => ICIc345cdbc1f1b4becbae6303e01f3e80e
)
Array
(
    [user_id] => 1023
    [payment_id] => 1206
    [order_id] => ORDER_1754049642
    [phonepe_order_id] => OMO2508011730423101553806
    [status] => COMPLETED
    [amount] => 100
    [payable_amount] => 100
    [fee_amount] => 0
    [created_at] => 2025-08-01 12:01:15
    [date] => 2025-08-01
    [transaction_id] => OM2508011730443860305957
    [payment_mode] => UPI_QR
    [ifsc_code] => PSIB0000047
    [account_type] => SAVINGS
    [rail_type] => UPI
    [utr_number] => 109056621370
    [upi_transection_id] => HDFd92695b4902348a290b528c84c10387a
)
Array
(
    [user_id] => 1023
    [payment_id] => 1207
    [order_id] => ORDER_1754049870
    [phonepe_order_id] => OMO2508011734304182023102
    [status] => COMPLETED
    [amount] => 100
    [payable_amount] => 100
    [fee_amount] => 0
    [created_at] => 2025-08-01 12:04:57
    [date] => 2025-08-01
    [transaction_id] => OM2508011734324849042651
    [payment_mode] => UPI_QR
    [ifsc_code] => PSIB0000047
    [account_type] => SAVINGS
    [rail_type] => UPI
    [utr_number] => 109056860105
    [upi_transection_id] => HDF50528bd0ac494b97bf798c16924e5615
)
Array
(
    [user_id] => 1023
    [payment_id] => 1208
    [order_id] => ORDER_1754050363
    [phonepe_order_id] => OMO2508011742434451553687
    [status] => COMPLETED
    [amount] => 100
    [payable_amount] => 100
    [fee_amount] => 0
    [created_at] => 2025-08-01 12:13:11
    [date] => 2025-08-01
    [transaction_id] => OM2508011742454553889323
    [payment_mode] => UPI_QR
    [ifsc_code] => PSIB0000047
    [account_type] => SAVINGS
    [rail_type] => UPI
    [utr_number] => 109057428646
    [upi_transection_id] => HDFdb0e0bcc38f042eb86704e2675cb5a39
)
Array
(
    [user_id] => 1023
    [payment_id] => 1209
    [order_id] => ORDER_1754050591
    [phonepe_order_id] => OMO2508011746313137856678
    [status] => COMPLETED
    [amount] => 100
    [payable_amount] => 100
    [fee_amount] => 0
    [created_at] => 2025-08-01 12:16:53
    [date] => 2025-08-01
    [transaction_id] => OM2508011746331852494435
    [payment_mode] => UPI_QR
    [ifsc_code] => PSIB0000047
    [account_type] => SAVINGS
    [rail_type] => UPI
    [utr_number] => 109057697287
    [upi_transection_id] => HDF0915a2d8c9ea402ca5fa78bef8ef8aac
)
Array
(
    [user_id] => 1023
    [payment_id] => 1210
    [order_id] => ORDER_1754050856
    [phonepe_order_id] => OMO2508011750571918310342
    [status] => COMPLETED
    [amount] => 100
    [payable_amount] => 100
    [fee_amount] => 0
    [created_at] => 2025-08-01 12:21:28
    [date] => 2025-08-01
    [transaction_id] => OM2508011750590941793017
    [payment_mode] => UPI_QR
    [ifsc_code] => PSIB0000047
    [account_type] => SAVINGS
    [rail_type] => UPI
    [utr_number] => 109058025103
    [upi_transection_id] => HDF562322e670ce4684ab3ce87e95035e48
)
Array
(
    [user_id] => 1023
    [payment_id] => 1211
    [order_id] => ORDER_1754051300
    [phonepe_order_id] => OMO2508011758209004195135
    [status] => COMPLETED
    [amount] => 100
    [payable_amount] => 100
    [fee_amount] => 0
    [created_at] => 2025-08-01 12:30:05
    [date] => 2025-08-01
    [transaction_id] => OM2508011758229127434910
    [payment_mode] => UPI_QR
    [ifsc_code] => HDFC0001326
    [account_type] => SAVINGS
    [rail_type] => UPI
    [utr_number] => 521342230101
    [upi_transection_id] => ICI658f905ee542448d863aebd554f3a585
)
Array
(
    [user_id] => 1023
    [payment_id] => 1212
    [order_id] => ORDER_1754051963
    [phonepe_order_id] => OMO2508011809241085291705
    [status] => COMPLETED
    [amount] => 100
    [payable_amount] => 100
    [fee_amount] => 0
    [created_at] => 2025-08-01 12:39:40
    [date] => 2025-08-01
    [transaction_id] => OM2508011809260952023934
    [payment_mode] => UPI_QR
    [ifsc_code] => HDFC0001326
    [account_type] => SAVINGS
    [rail_type] => UPI
    [utr_number] => 521372028891
    [upi_transection_id] => ICId2a460a1bb2f485683515a655e9524ea
)
Array
(
    [user_id] => 1023
    [payment_id] => 1213
    [order_id] => ORDER_1754052143
    [phonepe_order_id] => OMO2508011812239133889079
    [status] => COMPLETED
    [amount] => 100
    [payable_amount] => 100
    [fee_amount] => 0
    [created_at] => 2025-08-01 12:42:44
    [date] => 2025-08-01
    [transaction_id] => OM2508011812258697103527
    [payment_mode] => UPI_QR
    [ifsc_code] => HDFC0001326
    [account_type] => SAVINGS
    [rail_type] => UPI
    [utr_number] => 521332643824
    [upi_transection_id] => ICIa0ca6764387349ebb50247ba338ac7e7
)
Array
(
    [user_id] => 1023
    [payment_id] => 1214
    [order_id] => ORDER_1754064299
    [phonepe_order_id] => OMO2508012134593137856951
    [status] => FAILED
    [amount] => 100
    [payable_amount] => 0
    [fee_amount] => 0
    [created_at] => 2025-08-01 16:20:02
    [date] => 2025-08-01
    [transaction_id] => 
    [payment_mode] => 
    [ifsc_code] => 
    [account_type] => 
    [rail_type] => 
    [utr_number] => 
    [upi_transection_id] => 
)
Array
(
    [user_id] => 1023
    [payment_id] => 1215
    [order_id] => ORDER_1754069386
    [phonepe_order_id] => OMO2508012259467352023239
    [status] => FAILED
    [amount] => 100
    [payable_amount] => 0
    [fee_amount] => 0
    [created_at] => 2025-08-01 17:44:49
    [date] => 2025-08-01
    [transaction_id] => 
    [payment_mode] => 
    [ifsc_code] => 
    [account_type] => 
    [rail_type] => 
    [utr_number] => 
    [upi_transection_id] => 
)
Array
(
    [user_id] => 1023
    [payment_id] => 1216
    [order_id] => ORDER_1754114658
    [phonepe_order_id] => OMO2508021134183307103151
    [status] => COMPLETED
    [amount] => 100
    [payable_amount] => 100
    [fee_amount] => 0
    [created_at] => 2025-08-02 06:04:58
    [date] => 2025-08-02
    [transaction_id] => OM2508021134202478179215
    [payment_mode] => UPI_QR
    [ifsc_code] => PSIB0000047
    [account_type] => SAVINGS
    [rail_type] => UPI
    [utr_number] => 109095583796
    [upi_transection_id] => HDF4498281c53434f799e049267df90bb05
)
Array
(
    [user_id] => 1023
    [payment_id] => 1217
    [order_id] => ORDER_1754135766658
    [phonepe_order_id] => OMO2508021726071325291503
    [status] => FAILED
    [amount] => 200
    [payable_amount] => 0
    [fee_amount] => 0
    [created_at] => 2025-08-02 12:11:10
    [date] => 2025-08-02
    [transaction_id] => 
    [payment_mode] => 
    [ifsc_code] => 
    [account_type] => 
    [rail_type] => 
    [utr_number] => 
    [upi_transection_id] => 
)
Array
(
    [user_id] => 1023
    [payment_id] => 1218
    [order_id] => ORDER_1754137606737
    [phonepe_order_id] => OMO2508021756469661793140
    [status] => FAILED
    [amount] => 200
    [payable_amount] => 0
    [fee_amount] => 0
    [created_at] => 2025-08-02 12:41:47
    [date] => 2025-08-02
    [transaction_id] => 
    [payment_mode] => 
    [ifsc_code] => 
    [account_type] => 
    [rail_type] => 
    [utr_number] => 
    [upi_transection_id] => 
)
Array
(
    [user_id] => 1023
    [payment_id] => 1219
    [order_id] => ORDER_1754137728843
    [phonepe_order_id] => OMO2508021758490067434626
    [status] => FAILED
    [amount] => 200
    [payable_amount] => 0
    [fee_amount] => 0
    [created_at] => 2025-08-02 12:43:52
    [date] => 2025-08-02
    [transaction_id] => 
    [payment_mode] => 
    [ifsc_code] => 
    [account_type] => 
    [rail_type] => 
    [utr_number] => 
    [upi_transection_id] => 
)
Array
(
    [user_id] => 1023
    [payment_id] => 1220
    [order_id] => ORDER_1754137915303
    [phonepe_order_id] => OMO2508021801555094617151
    [status] => FAILED
    [amount] => 200
    [payable_amount] => 0
    [fee_amount] => 0
    [created_at] => 2025-08-02 12:46:57
    [date] => 2025-08-02
    [transaction_id] => 
    [payment_mode] => 
    [ifsc_code] => 
    [account_type] => 
    [rail_type] => 
    [utr_number] => 
    [upi_transection_id] => 
)
Array
(
    [user_id] => 1023
    [payment_id] => 1221
    [order_id] => ORDER_1754138075875
    [phonepe_order_id] => OMO2508021804360268431336
    [status] => FAILED
    [amount] => 200
    [payable_amount] => 0
    [fee_amount] => 0
    [created_at] => 2025-08-02 12:49:39
    [date] => 2025-08-02
    [transaction_id] => 
    [payment_mode] => 
    [ifsc_code] => 
    [account_type] => 
    [rail_type] => 
    [utr_number] => 
    [upi_transection_id] => 
)
Array
(
    [user_id] => 1023
    [payment_id] => 1222
    [order_id] => ORDER_1754138138164
    [phonepe_order_id] => OMO2508021805383294884840
    [status] => FAILED
    [amount] => 200
    [payable_amount] => 0
    [fee_amount] => 0
    [created_at] => 2025-08-02 12:50:39
    [date] => 2025-08-02
    [transaction_id] => 
    [payment_mode] => 
    [ifsc_code] => 
    [account_type] => 
    [rail_type] => 
    [utr_number] => 
    [upi_transection_id] => 
)
Array
(
    [user_id] => 1023
    [payment_id] => 1223
    [order_id] => ORDER_1754138266257
    [phonepe_order_id] => OMO2508021807463887434498
    [status] => FAILED
    [amount] => 200
    [payable_amount] => 0
    [fee_amount] => 0
    [created_at] => 2025-08-02 12:52:48
    [date] => 2025-08-02
    [transaction_id] => 
    [payment_mode] => 
    [ifsc_code] => 
    [account_type] => 
    [rail_type] => 
    [utr_number] => 
    [upi_transection_id] => 
)
Array
(
    [user_id] => 1023
    [payment_id] => 1224
    [order_id] => ORDER_1754138476484
    [phonepe_order_id] => OMO2508021811166571296703
    [status] => FAILED
    [amount] => 200
    [payable_amount] => 0
    [fee_amount] => 0
    [created_at] => 2025-08-02 12:56:18
    [date] => 2025-08-02
    [transaction_id] => 
    [payment_mode] => 
    [ifsc_code] => 
    [account_type] => 
    [rail_type] => 
    [utr_number] => 
    [upi_transection_id] => 
)
Array
(
    [user_id] => 1023
    [payment_id] => 1225
    [order_id] => ORDER_1754138617601
    [phonepe_order_id] => OMO2508021813377474195652
    [status] => FAILED
    [amount] => 200
    [payable_amount] => 0
    [fee_amount] => 0
    [created_at] => 2025-08-02 12:58:42
    [date] => 2025-08-02
    [transaction_id] => 
    [payment_mode] => 
    [ifsc_code] => 
    [account_type] => 
    [rail_type] => 
    [utr_number] => 
    [upi_transection_id] => 
)
Array
(
    [user_id] => 1023
    [payment_id] => 1226
    [order_id] => ORDER_1754138639058
    [phonepe_order_id] => OMO2508021813592421553418
    [status] => FAILED
    [amount] => 200
    [payable_amount] => 0
    [fee_amount] => 0
    [created_at] => 2025-08-02 12:59:01
    [date] => 2025-08-02
    [transaction_id] => 
    [payment_mode] => 
    [ifsc_code] => 
    [account_type] => 
    [rail_type] => 
    [utr_number] => 
    [upi_transection_id] => 
)
Array
(
    [user_id] => 1023
    [payment_id] => 1227
    [order_id] => ORDER_1754246720
    [phonepe_order_id] => OMO2508040015209811208993
    [status] => COMPLETED
    [amount] => 100
    [payable_amount] => 100
    [fee_amount] => 0
    [created_at] => 2025-08-03 18:45:55
    [date] => 2025-08-03
    [transaction_id] => OM2508040015233769042558
    [payment_mode] => UPI_QR
    [ifsc_code] => PSIB0000047
    [account_type] => SAVINGS
    [rail_type] => UPI
    [utr_number] => 109201715298
    [upi_transection_id] => HDFddd3fa0a53dd47c4a13215a61ec97f8c
)
